<?xml version="1.0" encoding="UTF-8"?>
<!-- Generated by org.testng.reporters.JUnitXMLReporter -->
<testsuite hostname="DESKTOP-CO33Q0N" ignored="2" name="Default test" tests="2" failures="0" timestamp="02 Jun 2023 12:22:02 GMT" time="4.376" errors="0">
  <testcase name="testcreateuser" time="2.246" classname="api.test.UserTestCases"/>
  <testcase name="testgetuser" time="1.672" classname="api.test.UserTestCases"/>
  <testcase name="testupdateuser" time="0.0" classname="api.test.UserTestCases">
    <ignored/>
  </testcase> <!-- testupdateuser -->
  <testcase name="testdeleteuser" time="0.0" classname="api.test.UserTestCases">
    <ignored/>
  </testcase> <!-- testdeleteuser -->
</testsuite> <!-- Default test -->
