<?xml version="1.0" encoding="UTF-8"?>
<!-- Generated by org.testng.reporters.JUnitXMLReporter -->
<testsuite hostname="DESKTOP-CO33Q0N" ignored="0" name="Test" tests="4" failures="0" timestamp="02 Jun 2023 12:40:26 GMT" time="7.384" errors="0">
  <testcase name="testcreateuser" time="2.618" classname="api.test.UserTestCases"/>
  <testcase name="testgetuser" time="1.587" classname="api.test.UserTestCases"/>
  <testcase name="testupdateuser" time="1.322" classname="api.test.UserTestCases"/>
  <testcase name="testdeleteuser" time="1.345" classname="api.test.UserTestCases"/>
</testsuite> <!-- Test -->
