<?xml version="1.0" encoding="UTF-8"?>
<!-- Generated by org.testng.reporters.JUnitXMLReporter -->
<testsuite hostname="DESKTOP-CO33Q0N" ignored="0" name="Test" tests="4" failures="0" timestamp="02 Jun 2023 18:31:53 GMT" time="7.05" errors="0">
  <testcase name="testcreateuser" time="2.331" classname="api.test.UserTestCases"/>
  <testcase name="testgetuser" time="1.555" classname="api.test.UserTestCases"/>
  <testcase name="testupdateuser" time="1.379" classname="api.test.UserTestCases"/>
  <testcase name="testdeleteuser" time="1.375" classname="api.test.UserTestCases"/>
</testsuite> <!-- Test -->
