<?xml version="1.0" encoding="UTF-8"?>
<testsuite xmlns:xsi="http://www.w3.org/2001/XMLSchema-instance" xsi:noNamespaceSchemaLocation="https://maven.apache.org/surefire/maven-surefire-plugin/xsd/surefire-test-report-3.0.xsd" version="3.0" name="TestSuite" time="7.869" tests="4" errors="0" skipped="0" failures="0">
  <properties>
[...]
</properties>
  <testcase name="testcreateuser" classname="api.test.UserTestCases" time="2.207">
    <system-out><![CDATA[[TestNGContentHandler] [WARN] It is strongly recommended to add "<!DOCTYPE suite SYSTEM "http://testng.org/testng-1.0.dtd" >" at the top of your file, otherwise TestNG may fail or not work as expected.
Status code is 200
]]></system-out>
  </testcase>
  <testcase name="testgetuser" classname="api.test.UserTestCases" time="1.555">
    <system-out><![CDATA[Status code is 200
HTTP/1.1 200 OK
Date: Fri, 02 Jun 2023 18:35:09 GMT
Content-Type: application/json
Transfer-Encoding: chunked
Connection: keep-alive
Access-Control-Allow-Origin: *
Access-Control-Allow-Methods: GET, POST, DELETE, PUT
Access-Control-Allow-Headers: Content-Type, api_key, Authorization
Server: Jetty(9.2.9.v20150224)

{
    "id": 2041605291,
    "username": "louie.medhurst",
    "firstName": "Quinn",
    "lastName": "Orn",
    "email": "florine.kulas@example.com",
    "password": "0ui047lujenwmd",
    "phone": "397-408-4075",
    "userStatus": 0
}
io.restassured.internal.ValidatableResponseImpl@7417ef4f
]]></system-out>
  </testcase>
  <testcase name="testupdateuser" classname="api.test.UserTestCases" time="1.381">
    <system-out><![CDATA[Status code is 200
]]></system-out>
  </testcase>
  <testcase name="testdeleteuser" classname="api.test.UserTestCases" time="1.376">
    <system-out><![CDATA[Status code is 200
]]></system-out>
  </testcase>
</testsuite>