<?xml version="1.0" encoding="UTF-8"?>
<testng-results skipped="0" failed="0" ignored="0" total="4" passed="4">
  <reporter-output>
  </reporter-output>
  <suite name="Suite" duration-ms="7384" started-at="2023-06-02T12:40:19Z" finished-at="2023-06-02T12:40:26Z">
    <groups>
    </groups>
    <test name="Test" duration-ms="7384" started-at="2023-06-02T12:40:19Z" finished-at="2023-06-02T12:40:26Z">
      <class name="api.test.UserTestCases">
        <test-method status="PASS" signature="setupdata()[pri:0, instance:api.test.UserTestCases@3c72f59f]" name="setupdata" is-config="true" duration-ms="486" started-at="2023-06-02T12:40:19Z" finished-at="2023-06-02T12:40:19Z">
          <reporter-output>
          </reporter-output>
        </test-method> <!-- setupdata -->
        <test-method status="PASS" signature="testcreateuser()[pri:0, instance:api.test.UserTestCases@3c72f59f]" name="testcreateuser" duration-ms="2618" started-at="2023-06-02T12:40:19Z" finished-at="2023-06-02T12:40:22Z">
          <reporter-output>
          </reporter-output>
        </test-method> <!-- testcreateuser -->
        <test-method status="PASS" signature="testgetuser()[pri:1, instance:api.test.UserTestCases@3c72f59f]" name="testgetuser" duration-ms="1587" started-at="2023-06-02T12:40:22Z" finished-at="2023-06-02T12:40:23Z">
          <reporter-output>
          </reporter-output>
        </test-method> <!-- testgetuser -->
        <test-method status="PASS" signature="testupdateuser()[pri:2, instance:api.test.UserTestCases@3c72f59f]" name="testupdateuser" duration-ms="1322" started-at="2023-06-02T12:40:23Z" finished-at="2023-06-02T12:40:25Z">
          <reporter-output>
          </reporter-output>
        </test-method> <!-- testupdateuser -->
        <test-method status="PASS" signature="testdeleteuser()[pri:3, instance:api.test.UserTestCases@3c72f59f]" name="testdeleteuser" duration-ms="1345" started-at="2023-06-02T12:40:25Z" finished-at="2023-06-02T12:40:26Z">
          <reporter-output>
          </reporter-output>
        </test-method> <!-- testdeleteuser -->
      </class> <!-- api.test.UserTestCases -->
    </test> <!-- Test -->
  </suite> <!-- Suite -->
</testng-results>
